mode: set
github.com/Hyperspace-Metaverse/xk6-socketio/register.go:5.13,7.2 1 1
github.com/Hyperspace-Metaverse/xk6-socketio/socketio.go:28.77,30.2 1 0
github.com/Hyperspace-Metaverse/xk6-socketio/socketio.go:32.69,34.2 1 0
github.com/Hyperspace-Metaverse/xk6-socketio/socketio.go:36.108,37.45 1 0
github.com/Hyperspace-Metaverse/xk6-socketio/socketio.go:37.45,38.67 1 0
github.com/Hyperspace-Metaverse/xk6-socketio/socketio.go:38.67,40.4 1 0
github.com/Hyperspace-Metaverse/xk6-socketio/socketio.go:44.54,46.2 1 0
github.com/Hyperspace-Metaverse/xk6-socketio/socketio.go:51.104,53.16 2 0
github.com/Hyperspace-Metaverse/xk6-socketio/socketio.go:53.16,55.3 1 0
github.com/Hyperspace-Metaverse/xk6-socketio/socketio.go:56.2,56.40 1 0
github.com/Hyperspace-Metaverse/xk6-socketio/socketio.go:73.72,75.2 1 0
github.com/Hyperspace-Metaverse/xk6-socketio/socketio.go:78.46,80.16 2 1
github.com/Hyperspace-Metaverse/xk6-socketio/socketio.go:80.16,81.40 1 1
github.com/Hyperspace-Metaverse/xk6-socketio/socketio.go:83.2,85.15 3 1
github.com/Hyperspace-Metaverse/xk6-socketio/socketio.go:89.63,93.21 4 1
github.com/Hyperspace-Metaverse/xk6-socketio/socketio.go:93.21,94.42 1 1
github.com/Hyperspace-Metaverse/xk6-socketio/socketio.go:96.2,96.28 1 1
github.com/Hyperspace-Metaverse/xk6-socketio/socketio.go:100.103,103.19 3 1
github.com/Hyperspace-Metaverse/xk6-socketio/socketio.go:103.19,104.33 1 1
github.com/Hyperspace-Metaverse/xk6-socketio/socketio.go:104.33,106.4 1 1
github.com/Hyperspace-Metaverse/xk6-socketio/socketio.go:106.9,108.4 1 0
github.com/Hyperspace-Metaverse/xk6-socketio/socketio.go:109.8,111.3 1 1
github.com/Hyperspace-Metaverse/xk6-socketio/socketio.go:112.2,114.21 3 1
github.com/Hyperspace-Metaverse/xk6-socketio/socketio.go:114.21,116.42 2 1
github.com/Hyperspace-Metaverse/xk6-socketio/socketio.go:118.2,121.69 4 1
github.com/Hyperspace-Metaverse/xk6-socketio/socketio.go:121.69,122.17 1 1
github.com/Hyperspace-Metaverse/xk6-socketio/socketio.go:122.17,126.4 3 1
github.com/Hyperspace-Metaverse/xk6-socketio/socketio.go:127.3,128.12 2 1
github.com/Hyperspace-Metaverse/xk6-socketio/socketio.go:130.2,130.9 1 1
github.com/Hyperspace-Metaverse/xk6-socketio/socketio.go:131.19,132.20 1 1
github.com/Hyperspace-Metaverse/xk6-socketio/socketio.go:132.20,134.4 1 1
github.com/Hyperspace-Metaverse/xk6-socketio/socketio.go:135.3,135.13 1 1
github.com/Hyperspace-Metaverse/xk6-socketio/socketio.go:136.63,137.76 1 1
github.com/Hyperspace-Metaverse/xk6-socketio/socketio.go:142.39,145.21 3 1
github.com/Hyperspace-Metaverse/xk6-socketio/socketio.go:145.21,148.3 2 1
github.com/Hyperspace-Metaverse/xk6-socketio/socketio.go:152.52,161.2 1 1
